{"/Users/dancali/@/idancali/idancali.dev/savor/index.js":{"path":"/Users/dancali/@/idancali/idancali.dev/savor/index.js","s":{"1":1},"b":{},"f":{},"fnMap":{},"statementMap":{"1":{"start":{"line":1,"column":0},"end":{"line":1,"column":39}}},"branchMap":{}},"/Users/dancali/@/idancali/idancali.dev/savor/src/main.js":{"path":"/Users/dancali/@/idancali/idancali.dev/savor/src/main.js","s":{"1":1,"2":1,"3":1,"4":1,"5":1,"6":1,"7":1,"8":1,"9":1,"10":2,"11":1,"12":2,"13":1,"14":2,"15":1,"16":1,"17":1,"18":1,"19":1,"20":1,"21":1,"22":2,"23":2,"24":2,"25":1,"26":2,"27":2,"28":1,"29":1},"b":{"1":[2,1],"2":[2,1]},"f":{"1":2,"2":2,"3":2,"4":1,"5":1,"6":1,"7":2,"8":2,"9":2,"10":1},"fnMap":{"1":{"name":"addTest","line":34,"loc":{"start":{"line":34,"column":0},"end":{"line":34,"column":29}}},"2":{"name":"beforeEach","line":41,"loc":{"start":{"line":41,"column":0},"end":{"line":41,"column":26}}},"3":{"name":"afterEach","line":48,"loc":{"start":{"line":48,"column":0},"end":{"line":48,"column":25}}},"4":{"name":"runAllTests","line":56,"loc":{"start":{"line":56,"column":0},"end":{"line":56,"column":24}}},"5":{"name":"(anonymous_5)","line":62,"loc":{"start":{"line":62,"column":17},"end":{"line":62,"column":32}}},"6":{"name":"(anonymous_6)","line":65,"loc":{"start":{"line":65,"column":16},"end":{"line":65,"column":32}}},"7":{"name":"(anonymous_7)","line":67,"loc":{"start":{"line":67,"column":20},"end":{"line":67,"column":35}}},"8":{"name":"(anonymous_8)","line":71,"loc":{"start":{"line":71,"column":22},"end":{"line":71,"column":37}}},"9":{"name":"(anonymous_9)","line":84,"loc":{"start":{"line":84,"column":7},"end":{"line":84,"column":28}}},"10":{"name":"(anonymous_10)","line":88,"loc":{"start":{"line":88,"column":7},"end":{"line":88,"column":18}}}},"statementMap":{"1":{"start":{"line":5,"column":0},"end":{"line":5,"column":28}},"2":{"start":{"line":10,"column":0},"end":{"line":10,"column":37}},"3":{"start":{"line":11,"column":0},"end":{"line":11,"column":31}},"4":{"start":{"line":17,"column":0},"end":{"line":17,"column":29}},"5":{"start":{"line":22,"column":0},"end":{"line":22,"column":29}},"6":{"start":{"line":23,"column":0},"end":{"line":23,"column":33}},"7":{"start":{"line":24,"column":0},"end":{"line":24,"column":28}},"8":{"start":{"line":29,"column":0},"end":{"line":29,"column":15}},"9":{"start":{"line":34,"column":0},"end":{"line":36,"column":1}},"10":{"start":{"line":35,"column":2},"end":{"line":35,"column":41}},"11":{"start":{"line":41,"column":0},"end":{"line":43,"column":1}},"12":{"start":{"line":42,"column":2},"end":{"line":42,"column":17}},"13":{"start":{"line":48,"column":0},"end":{"line":50,"column":1}},"14":{"start":{"line":49,"column":2},"end":{"line":49,"column":17}},"15":{"start":{"line":56,"column":0},"end":{"line":81,"column":1}},"16":{"start":{"line":59,"column":2},"end":{"line":80,"column":5}},"17":{"start":{"line":62,"column":6},"end":{"line":62,"column":54}},"18":{"start":{"line":62,"column":34},"end":{"line":62,"column":51}},"19":{"start":{"line":65,"column":6},"end":{"line":65,"column":53}},"20":{"start":{"line":65,"column":34},"end":{"line":65,"column":50}},"21":{"start":{"line":67,"column":6},"end":{"line":79,"column":9}},"22":{"start":{"line":71,"column":8},"end":{"line":78,"column":11}},"23":{"start":{"line":73,"column":10},"end":{"line":73,"column":30}},"24":{"start":{"line":76,"column":10},"end":{"line":77,"column":41}},"25":{"start":{"line":83,"column":0},"end":{"line":91,"column":1}},"26":{"start":{"line":85,"column":4},"end":{"line":85,"column":24}},"27":{"start":{"line":86,"column":4},"end":{"line":86,"column":17}},"28":{"start":{"line":89,"column":4},"end":{"line":89,"column":18}},"29":{"start":{"line":93,"column":0},"end":{"line":93,"column":23}}},"branchMap":{"1":{"line":42,"type":"binary-expr","locations":[{"start":{"line":42,"column":2},"end":{"line":42,"column":6}},{"start":{"line":42,"column":10},"end":{"line":42,"column":16}}]},"2":{"line":49,"type":"binary-expr","locations":[{"start":{"line":49,"column":2},"end":{"line":49,"column":6}},{"start":{"line":49,"column":10},"end":{"line":49,"column":16}}]}}}}