TN:
SF:/Users/dancali/@/idancali/idancali.dev/savor/index.js
FNF:0
FNH:0
DA:1,1
LF:1
LH:1
BRF:0
BRH:0
end_of_record
TN:
SF:/Users/dancali/@/idancali/idancali.dev/savor/src/main.js
FN:34,addTest
FN:41,beforeEach
FN:48,afterEach
FN:56,runAllTests
FN:62,(anonymous_5)
FN:65,(anonymous_6)
FN:67,(anonymous_7)
FN:71,(anonymous_8)
FN:84,(anonymous_9)
FN:88,(anonymous_10)
FNF:10
FNH:10
FNDA:2,addTest
FNDA:2,beforeEach
FNDA:2,afterEach
FNDA:1,runAllTests
FNDA:1,(anonymous_5)
FNDA:1,(anonymous_6)
FNDA:2,(anonymous_7)
FNDA:2,(anonymous_8)
FNDA:2,(anonymous_9)
FNDA:1,(anonymous_10)
DA:5,1
DA:10,1
DA:11,1
DA:17,1
DA:22,1
DA:23,1
DA:24,1
DA:29,1
DA:34,1
DA:35,2
DA:41,1
DA:42,2
DA:48,1
DA:49,2
DA:56,1
DA:59,1
DA:62,1
DA:65,1
DA:67,1
DA:71,2
DA:73,2
DA:76,2
DA:83,1
DA:85,2
DA:86,2
DA:89,1
DA:93,1
LF:27
LH:27
BRDA:42,1,0,2
BRDA:42,1,1,1
BRDA:49,2,0,2
BRDA:49,2,1,1
BRF:4
BRH:4
end_of_record
